<?xml version="1.0" encoding="UTF-8"?>
<testsuite xmlns:xsi="http://www.w3.org/2001/XMLSchema-instance" xsi:noNamespaceSchemaLocation="https://maven.apache.org/surefire/maven-surefire-plugin/xsd/surefire-test-report-3.0.xsd" version="3.0" name="com.mycompany.tesuas.TesuasTest" time="0.092" tests="5" errors="0" skipped="0" failures="0">
  <properties>
[...]
</properties>
  <testcase name="testValidPangkat" classname="com.mycompany.tesuas.TesuasTest" time="0.049"/>
  <testcase name="testBNegative" classname="com.mycompany.tesuas.TesuasTest" time="0.001"/>
  <testcase name="testBGreaterThanTen" classname="com.mycompany.tesuas.TesuasTest" time="0.002"/>
  <testcase name="testBEqualsZero" classname="com.mycompany.tesuas.TesuasTest" time="0.004"/>
  <testcase name="testAGreaterThanHundred" classname="com.mycompany.tesuas.TesuasTest" time="0.001"/>
</testsuite>